[debug] [2024-06-15T18:58:50.209Z] ----------------------------------------------------------------------
[debug] [2024-06-15T18:58:50.213Z] Command:       C:\Program Files\nodejs\node.exe C:\Users\User\AppData\Roaming\npm\node_modules\firebase-tools\lib\bin\firebase.js init
[debug] [2024-06-15T18:58:50.214Z] CLI Version:   13.11.0
[debug] [2024-06-15T18:58:50.214Z] Platform:      win32
[debug] [2024-06-15T18:58:50.214Z] Node Version:  v21.4.0
[debug] [2024-06-15T18:58:50.215Z] Time:          Sun Jun 16 2024 00:58:50 GMT+0600 (Bangladesh Standard Time)
[debug] [2024-06-15T18:58:50.215Z] ----------------------------------------------------------------------
[debug] 
[debug] [2024-06-15T18:58:50.227Z] > command requires scopes: ["email","openid","https://www.googleapis.com/auth/cloudplatformprojects.readonly","https://www.googleapis.com/auth/firebase","https://www.googleapis.com/auth/cloud-platform"]
[debug] [2024-06-15T18:58:50.228Z] > authorizing via signed-in user (captain6808@gmail.com)
[info] 
     ######## #### ########  ######## ########     ###     ######  ########
     ##        ##  ##     ## ##       ##     ##  ##   ##  ##       ##
     ######    ##  ########  ######   ########  #########  ######  ######
     ##        ##  ##    ##  ##       ##     ## ##     ##       ## ##
     ##       #### ##     ## ######## ########  ##     ##  ######  ########

You're about to initialize a Firebase project in this directory:

  D:\Projects\MobShop\mobshop-client

[debug] [2024-06-15T18:59:01.159Z] Error: Timed out.
    at Timeout._onTimeout (C:\Users\User\AppData\Roaming\npm\node_modules\firebase-tools\lib\utils.js:267:49)
    at listOnTimeout (node:internal/timers:573:17)
    at process.processTimers (node:internal/timers:514:7)
[error] 
[error] Error: An unexpected error has occurred.
